mode: set
github.com/cs161-staff/project2-starter-code/client/client.go:31.25,43.16 5 0
github.com/cs161-staff/project2-starter-code/client/client.go:50.2,60.16 5 0
github.com/cs161-staff/project2-starter-code/client/client.go:64.2,80.16 9 0
github.com/cs161-staff/project2-starter-code/client/client.go:83.2,95.37 3 0
github.com/cs161-staff/project2-starter-code/client/client.go:43.16,48.81 1 0
github.com/cs161-staff/project2-starter-code/client/client.go:60.16,61.13 1 0
github.com/cs161-staff/project2-starter-code/client/client.go:80.16,81.13 1 0
github.com/cs161-staff/project2-starter-code/client/client.go:154.80,160.38 5 1
github.com/cs161-staff/project2-starter-code/client/client.go:165.2,166.19 2 1
github.com/cs161-staff/project2-starter-code/client/client.go:170.2,182.16 5 1
github.com/cs161-staff/project2-starter-code/client/client.go:186.2,189.16 4 1
github.com/cs161-staff/project2-starter-code/client/client.go:193.2,194.16 2 1
github.com/cs161-staff/project2-starter-code/client/client.go:198.2,199.16 2 1
github.com/cs161-staff/project2-starter-code/client/client.go:202.2,203.16 2 1
github.com/cs161-staff/project2-starter-code/client/client.go:206.2,214.16 6 1
github.com/cs161-staff/project2-starter-code/client/client.go:217.2,218.25 2 1
github.com/cs161-staff/project2-starter-code/client/client.go:160.38,163.3 2 1
github.com/cs161-staff/project2-starter-code/client/client.go:166.19,169.3 2 1
github.com/cs161-staff/project2-starter-code/client/client.go:182.16,184.3 1 0
github.com/cs161-staff/project2-starter-code/client/client.go:189.16,191.3 1 0
github.com/cs161-staff/project2-starter-code/client/client.go:194.16,196.3 1 0
github.com/cs161-staff/project2-starter-code/client/client.go:199.16,201.3 1 0
github.com/cs161-staff/project2-starter-code/client/client.go:203.16,205.3 1 0
github.com/cs161-staff/project2-starter-code/client/client.go:214.16,216.3 1 0
github.com/cs161-staff/project2-starter-code/client/client.go:221.79,228.16 5 1
github.com/cs161-staff/project2-starter-code/client/client.go:231.2,232.16 2 1
github.com/cs161-staff/project2-starter-code/client/client.go:235.2,238.16 4 1
github.com/cs161-staff/project2-starter-code/client/client.go:243.2,244.13 2 1
github.com/cs161-staff/project2-starter-code/client/client.go:248.2,251.16 4 1
github.com/cs161-staff/project2-starter-code/client/client.go:258.2,260.20 2 1
github.com/cs161-staff/project2-starter-code/client/client.go:267.2,270.16 3 1
github.com/cs161-staff/project2-starter-code/client/client.go:275.2,275.25 1 1
github.com/cs161-staff/project2-starter-code/client/client.go:228.16,230.3 1 0
github.com/cs161-staff/project2-starter-code/client/client.go:232.16,234.3 1 0
github.com/cs161-staff/project2-starter-code/client/client.go:238.16,240.3 1 0
github.com/cs161-staff/project2-starter-code/client/client.go:244.13,247.3 2 1
github.com/cs161-staff/project2-starter-code/client/client.go:251.16,254.3 1 0
github.com/cs161-staff/project2-starter-code/client/client.go:260.20,263.3 2 1
github.com/cs161-staff/project2-starter-code/client/client.go:270.16,272.3 1 0
github.com/cs161-staff/project2-starter-code/client/client.go:281.78,285.12 2 1
github.com/cs161-staff/project2-starter-code/client/client.go:327.2,330.16 4 1
github.com/cs161-staff/project2-starter-code/client/client.go:333.2,337.34 4 1
github.com/cs161-staff/project2-starter-code/client/client.go:354.2,360.16 5 1
github.com/cs161-staff/project2-starter-code/client/client.go:364.2,376.12 6 1
github.com/cs161-staff/project2-starter-code/client/client.go:285.12,287.17 2 1
github.com/cs161-staff/project2-starter-code/client/client.go:290.3,299.35 7 1
github.com/cs161-staff/project2-starter-code/client/client.go:314.3,315.17 2 1
github.com/cs161-staff/project2-starter-code/client/client.go:318.3,322.13 3 1
github.com/cs161-staff/project2-starter-code/client/client.go:287.17,289.4 1 0
github.com/cs161-staff/project2-starter-code/client/client.go:299.35,300.26 1 1
github.com/cs161-staff/project2-starter-code/client/client.go:308.4,310.18 3 1
github.com/cs161-staff/project2-starter-code/client/client.go:300.26,303.5 2 1
github.com/cs161-staff/project2-starter-code/client/client.go:303.10,307.5 3 1
github.com/cs161-staff/project2-starter-code/client/client.go:310.18,312.5 1 0
github.com/cs161-staff/project2-starter-code/client/client.go:315.17,317.4 1 0
github.com/cs161-staff/project2-starter-code/client/client.go:330.16,332.3 1 0
github.com/cs161-staff/project2-starter-code/client/client.go:337.34,338.25 1 1
github.com/cs161-staff/project2-starter-code/client/client.go:346.3,348.17 3 1
github.com/cs161-staff/project2-starter-code/client/client.go:338.25,341.4 2 1
github.com/cs161-staff/project2-starter-code/client/client.go:341.9,345.4 3 1
github.com/cs161-staff/project2-starter-code/client/client.go:348.17,350.4 1 0
github.com/cs161-staff/project2-starter-code/client/client.go:360.16,362.3 1 0
github.com/cs161-staff/project2-starter-code/client/client.go:379.97,387.2 4 1
github.com/cs161-staff/project2-starter-code/client/client.go:390.113,392.16 2 1
github.com/cs161-staff/project2-starter-code/client/client.go:396.2,397.16 2 1
github.com/cs161-staff/project2-starter-code/client/client.go:400.2,401.16 2 1
github.com/cs161-staff/project2-starter-code/client/client.go:405.2,406.16 2 1
github.com/cs161-staff/project2-starter-code/client/client.go:409.2,416.12 5 1
github.com/cs161-staff/project2-starter-code/client/client.go:392.16,394.3 1 0
github.com/cs161-staff/project2-starter-code/client/client.go:397.16,399.3 1 0
github.com/cs161-staff/project2-starter-code/client/client.go:401.16,403.3 1 0
github.com/cs161-staff/project2-starter-code/client/client.go:406.16,408.3 1 0
github.com/cs161-staff/project2-starter-code/client/client.go:421.124,424.16 3 1
github.com/cs161-staff/project2-starter-code/client/client.go:428.2,429.13 2 1
github.com/cs161-staff/project2-starter-code/client/client.go:433.2,437.16 4 1
github.com/cs161-staff/project2-starter-code/client/client.go:440.2,443.16 3 1
github.com/cs161-staff/project2-starter-code/client/client.go:446.2,448.23 2 1
github.com/cs161-staff/project2-starter-code/client/client.go:453.2,456.16 3 1
github.com/cs161-staff/project2-starter-code/client/client.go:459.2,459.35 1 1
github.com/cs161-staff/project2-starter-code/client/client.go:424.16,426.3 1 0
github.com/cs161-staff/project2-starter-code/client/client.go:429.13,432.3 1 1
github.com/cs161-staff/project2-starter-code/client/client.go:437.16,439.3 1 0
github.com/cs161-staff/project2-starter-code/client/client.go:443.16,445.3 1 0
github.com/cs161-staff/project2-starter-code/client/client.go:448.23,451.3 2 1
github.com/cs161-staff/project2-starter-code/client/client.go:456.16,458.3 1 0
github.com/cs161-staff/project2-starter-code/client/client.go:465.129,475.2 6 1
github.com/cs161-staff/project2-starter-code/client/client.go:478.79,481.16 2 1
github.com/cs161-staff/project2-starter-code/client/client.go:484.2,487.16 3 1
github.com/cs161-staff/project2-starter-code/client/client.go:490.2,497.12 5 1
github.com/cs161-staff/project2-starter-code/client/client.go:481.16,483.3 1 0
github.com/cs161-staff/project2-starter-code/client/client.go:487.16,489.3 1 0
github.com/cs161-staff/project2-starter-code/client/client.go:502.87,505.13 3 1
github.com/cs161-staff/project2-starter-code/client/client.go:510.2,514.16 4 1
github.com/cs161-staff/project2-starter-code/client/client.go:517.2,520.16 3 1
github.com/cs161-staff/project2-starter-code/client/client.go:523.2,525.20 2 1
github.com/cs161-staff/project2-starter-code/client/client.go:530.2,533.16 3 1
github.com/cs161-staff/project2-starter-code/client/client.go:536.2,536.26 1 1
github.com/cs161-staff/project2-starter-code/client/client.go:505.13,508.3 2 1
github.com/cs161-staff/project2-starter-code/client/client.go:514.16,516.3 1 0
github.com/cs161-staff/project2-starter-code/client/client.go:520.16,522.3 1 0
github.com/cs161-staff/project2-starter-code/client/client.go:525.20,528.3 2 0
github.com/cs161-staff/project2-starter-code/client/client.go:533.16,535.3 1 0
github.com/cs161-staff/project2-starter-code/client/client.go:541.102,547.2 5 1
github.com/cs161-staff/project2-starter-code/client/client.go:549.81,551.16 2 1
github.com/cs161-staff/project2-starter-code/client/client.go:554.2,557.16 3 1
github.com/cs161-staff/project2-starter-code/client/client.go:560.2,566.12 5 1
github.com/cs161-staff/project2-starter-code/client/client.go:551.16,553.3 1 0
github.com/cs161-staff/project2-starter-code/client/client.go:557.16,559.3 1 0
github.com/cs161-staff/project2-starter-code/client/client.go:569.92,573.13 3 1
github.com/cs161-staff/project2-starter-code/client/client.go:577.2,581.16 4 1
github.com/cs161-staff/project2-starter-code/client/client.go:584.2,587.16 3 1
github.com/cs161-staff/project2-starter-code/client/client.go:590.2,599.21 2 1
github.com/cs161-staff/project2-starter-code/client/client.go:605.2,608.16 3 1
github.com/cs161-staff/project2-starter-code/client/client.go:611.2,611.29 1 1
github.com/cs161-staff/project2-starter-code/client/client.go:573.13,575.3 1 1
github.com/cs161-staff/project2-starter-code/client/client.go:581.16,583.3 1 0
github.com/cs161-staff/project2-starter-code/client/client.go:587.16,589.3 1 0
github.com/cs161-staff/project2-starter-code/client/client.go:599.21,603.3 2 1
github.com/cs161-staff/project2-starter-code/client/client.go:608.16,610.3 1 0
github.com/cs161-staff/project2-starter-code/client/client.go:615.75,617.16 2 1
github.com/cs161-staff/project2-starter-code/client/client.go:620.2,621.16 2 1
github.com/cs161-staff/project2-starter-code/client/client.go:625.2,626.21 2 1
github.com/cs161-staff/project2-starter-code/client/client.go:630.2,630.16 1 1
github.com/cs161-staff/project2-starter-code/client/client.go:634.2,646.34 6 1
github.com/cs161-staff/project2-starter-code/client/client.go:667.2,671.12 3 1
github.com/cs161-staff/project2-starter-code/client/client.go:617.16,619.3 1 0
github.com/cs161-staff/project2-starter-code/client/client.go:621.16,623.3 1 1
github.com/cs161-staff/project2-starter-code/client/client.go:626.21,629.3 2 1
github.com/cs161-staff/project2-starter-code/client/client.go:630.16,632.3 1 1
github.com/cs161-staff/project2-starter-code/client/client.go:646.34,648.25 1 1
github.com/cs161-staff/project2-starter-code/client/client.go:656.3,658.17 3 1
github.com/cs161-staff/project2-starter-code/client/client.go:648.25,651.4 2 1
github.com/cs161-staff/project2-starter-code/client/client.go:651.9,655.4 3 1
github.com/cs161-staff/project2-starter-code/client/client.go:658.17,660.4 1 0
github.com/cs161-staff/project2-starter-code/client/client.go:680.77,683.16 3 1
github.com/cs161-staff/project2-starter-code/client/client.go:686.2,687.16 2 1
github.com/cs161-staff/project2-starter-code/client/client.go:702.2,703.16 2 1
github.com/cs161-staff/project2-starter-code/client/client.go:707.2,707.21 1 1
github.com/cs161-staff/project2-starter-code/client/client.go:711.2,711.22 1 1
github.com/cs161-staff/project2-starter-code/client/client.go:720.2,720.25 1 1
github.com/cs161-staff/project2-starter-code/client/client.go:683.16,685.3 1 1
github.com/cs161-staff/project2-starter-code/client/client.go:687.16,689.3 1 1
github.com/cs161-staff/project2-starter-code/client/client.go:703.16,705.3 1 1
github.com/cs161-staff/project2-starter-code/client/client.go:707.21,710.3 2 1
github.com/cs161-staff/project2-starter-code/client/client.go:711.22,715.17 3 1
github.com/cs161-staff/project2-starter-code/client/client.go:715.17,717.4 1 0
github.com/cs161-staff/project2-starter-code/client/client.go:727.38,730.16 3 1
github.com/cs161-staff/project2-starter-code/client/client.go:733.2,734.16 2 1
github.com/cs161-staff/project2-starter-code/client/client.go:737.2,737.30 1 1
github.com/cs161-staff/project2-starter-code/client/client.go:753.2,762.16 5 1
github.com/cs161-staff/project2-starter-code/client/client.go:766.2,769.13 4 1
github.com/cs161-staff/project2-starter-code/client/client.go:773.2,785.24 7 1
github.com/cs161-staff/project2-starter-code/client/client.go:730.16,732.3 1 0
github.com/cs161-staff/project2-starter-code/client/client.go:734.16,736.3 1 1
github.com/cs161-staff/project2-starter-code/client/client.go:737.30,743.14 4 1
github.com/cs161-staff/project2-starter-code/client/client.go:747.3,749.25 2 1
github.com/cs161-staff/project2-starter-code/client/client.go:743.14,746.4 2 0
github.com/cs161-staff/project2-starter-code/client/client.go:762.16,764.3 1 0
github.com/cs161-staff/project2-starter-code/client/client.go:769.13,772.3 2 1
github.com/cs161-staff/project2-starter-code/client/client.go:788.103,794.2 4 1
github.com/cs161-staff/project2-starter-code/client/client.go:796.100,802.2 4 1
github.com/cs161-staff/project2-starter-code/client/client.go:803.141,805.16 2 1
github.com/cs161-staff/project2-starter-code/client/client.go:808.2,809.16 2 1
github.com/cs161-staff/project2-starter-code/client/client.go:813.2,814.16 2 1
github.com/cs161-staff/project2-starter-code/client/client.go:818.2,821.12 3 1
github.com/cs161-staff/project2-starter-code/client/client.go:805.16,807.3 1 0
github.com/cs161-staff/project2-starter-code/client/client.go:809.16,811.3 1 0
github.com/cs161-staff/project2-starter-code/client/client.go:814.16,816.3 1 0
github.com/cs161-staff/project2-starter-code/client/client.go:825.127,828.13 3 1
github.com/cs161-staff/project2-starter-code/client/client.go:832.2,835.13 4 1
github.com/cs161-staff/project2-starter-code/client/client.go:839.2,840.16 2 1
github.com/cs161-staff/project2-starter-code/client/client.go:844.2,847.16 3 1
github.com/cs161-staff/project2-starter-code/client/client.go:851.2,851.20 1 1
github.com/cs161-staff/project2-starter-code/client/client.go:828.13,831.3 2 1
github.com/cs161-staff/project2-starter-code/client/client.go:835.13,838.3 2 1
github.com/cs161-staff/project2-starter-code/client/client.go:840.16,842.3 1 1
github.com/cs161-staff/project2-starter-code/client/client.go:847.16,849.3 1 0
github.com/cs161-staff/project2-starter-code/client/client.go:855.111,858.16 2 1
github.com/cs161-staff/project2-starter-code/client/client.go:862.2,863.12 2 1
github.com/cs161-staff/project2-starter-code/client/client.go:868.2,869.16 2 1
github.com/cs161-staff/project2-starter-code/client/client.go:872.2,874.16 3 1
github.com/cs161-staff/project2-starter-code/client/client.go:881.2,881.12 1 1
github.com/cs161-staff/project2-starter-code/client/client.go:858.16,860.3 1 0
github.com/cs161-staff/project2-starter-code/client/client.go:863.12,866.3 2 1
github.com/cs161-staff/project2-starter-code/client/client.go:869.16,871.3 1 1
github.com/cs161-staff/project2-starter-code/client/client.go:874.16,876.3 1 0
github.com/cs161-staff/project2-starter-code/client/client.go:885.85,888.16 2 1
github.com/cs161-staff/project2-starter-code/client/client.go:891.2,892.16 2 1
github.com/cs161-staff/project2-starter-code/client/client.go:896.2,899.29 3 1
github.com/cs161-staff/project2-starter-code/client/client.go:905.2,905.22 1 1
github.com/cs161-staff/project2-starter-code/client/client.go:910.2,911.16 2 1
github.com/cs161-staff/project2-starter-code/client/client.go:917.2,920.16 4 1
github.com/cs161-staff/project2-starter-code/client/client.go:923.2,927.34 4 1
github.com/cs161-staff/project2-starter-code/client/client.go:944.2,950.16 5 1
github.com/cs161-staff/project2-starter-code/client/client.go:954.2,973.41 6 1
github.com/cs161-staff/project2-starter-code/client/client.go:988.2,1003.16 4 1
github.com/cs161-staff/project2-starter-code/client/client.go:1006.2,1007.16 2 1
github.com/cs161-staff/project2-starter-code/client/client.go:1011.2,1011.41 1 1
github.com/cs161-staff/project2-starter-code/client/client.go:1019.2,1019.12 1 1
github.com/cs161-staff/project2-starter-code/client/client.go:888.16,890.3 1 0
github.com/cs161-staff/project2-starter-code/client/client.go:892.16,894.3 1 1
github.com/cs161-staff/project2-starter-code/client/client.go:899.29,900.33 1 1
github.com/cs161-staff/project2-starter-code/client/client.go:900.33,902.4 1 1
github.com/cs161-staff/project2-starter-code/client/client.go:905.22,908.3 2 1
github.com/cs161-staff/project2-starter-code/client/client.go:911.16,913.3 1 0
github.com/cs161-staff/project2-starter-code/client/client.go:920.16,922.3 1 0
github.com/cs161-staff/project2-starter-code/client/client.go:927.34,928.29 1 1
github.com/cs161-staff/project2-starter-code/client/client.go:936.3,938.17 3 1
github.com/cs161-staff/project2-starter-code/client/client.go:928.29,931.4 2 1
github.com/cs161-staff/project2-starter-code/client/client.go:931.9,935.4 3 1
github.com/cs161-staff/project2-starter-code/client/client.go:938.17,940.4 1 0
github.com/cs161-staff/project2-starter-code/client/client.go:950.16,952.3 1 0
github.com/cs161-staff/project2-starter-code/client/client.go:973.41,976.17 3 1
github.com/cs161-staff/project2-starter-code/client/client.go:976.17,978.4 1 0
github.com/cs161-staff/project2-starter-code/client/client.go:1003.16,1005.3 1 0
github.com/cs161-staff/project2-starter-code/client/client.go:1007.16,1009.3 1 0
github.com/cs161-staff/project2-starter-code/client/client.go:1011.41,1014.17 3 1
github.com/cs161-staff/project2-starter-code/client/client.go:1014.17,1016.4 1 0
